2024-05-14 21:15:12,231 INFO [org.springframework.web.context.ContextLoader] - Root WebApplicationContext: initialization started
2024-05-14 21:15:12,392 INFO [org.springframework.web.context.support.XmlWebApplicationContext] - Refreshing Root WebApplicationContext: startup date [Tue May 14 21:15:12 ICT 2024]; root of context hierarchy
2024-05-14 21:15:12,463 INFO [org.springframework.beans.factory.xml.XmlBeanDefinitionReader] - Loading XML bean definitions from class path resource [spring/application-config.xml]
2024-05-14 21:15:12,761 INFO [org.springframework.beans.factory.config.PropertyPlaceholderConfigurer] - Loading properties file from class path resource [application.properties]
2024-05-14 21:15:12,807 INFO [org.springframework.jdbc.datasource.DriverManagerDataSource] - Loaded JDBC driver: com.mysql.jdbc.Driver
2024-05-14 21:15:12,923 INFO [org.springframework.web.context.ContextLoader] - Root WebApplicationContext: initialization completed in 677 ms
2024-05-14 21:15:13,085 INFO [org.springframework.web.servlet.DispatcherServlet] - FrameworkServlet 'dispatcherServlet': initialization started
2024-05-14 21:15:13,099 INFO [org.springframework.web.context.support.XmlWebApplicationContext] - Refreshing WebApplicationContext for namespace 'dispatcherServlet-servlet': startup date [Tue May 14 21:15:13 ICT 2024]; parent: Root WebApplicationContext
2024-05-14 21:15:13,100 INFO [org.springframework.beans.factory.xml.XmlBeanDefinitionReader] - Loading XML bean definitions from ServletContext resource [/WEB-INF/mvc-config-servlet.xml]
2024-05-14 21:15:14,849 INFO [org.springframework.web.servlet.mvc.method.annotation.RequestMappingHandlerMapping] - Mapped "{[/blog],methods=[GET]}" onto public org.springframework.web.servlet.ModelAndView com.spring.controller.BlogController.blog()
2024-05-14 21:15:14,851 INFO [org.springframework.web.servlet.mvc.method.annotation.RequestMappingHandlerMapping] - Mapped "{[/blog/{tagid}]}" onto public org.springframework.web.servlet.ModelAndView com.spring.controller.BlogController.blogbytagid(int)
2024-05-14 21:15:14,851 INFO [org.springframework.web.servlet.mvc.method.annotation.RequestMappingHandlerMapping] - Mapped "{[/blogdetail/{blogid}],methods=[GET]}" onto public org.springframework.web.servlet.ModelAndView com.spring.controller.BlogDetailController.blogDetail(int)
2024-05-14 21:15:14,853 INFO [org.springframework.web.servlet.mvc.method.annotation.RequestMappingHandlerMapping] - Mapped "{[/addcart/{producid}]}" onto public java.lang.String com.spring.controller.CartController.addCart(javax.servlet.http.HttpServletRequest,javax.servlet.http.HttpSession,int)
2024-05-14 21:15:14,853 INFO [org.springframework.web.servlet.mvc.method.annotation.RequestMappingHandlerMapping] - Mapped "{[/cartdetail]}" onto public org.springframework.web.servlet.ModelAndView com.spring.controller.CartController.cartDetail()
2024-05-14 21:15:14,853 INFO [org.springframework.web.servlet.mvc.method.annotation.RequestMappingHandlerMapping] - Mapped "{[/editcart/{producid}/{quantity}]}" onto public java.lang.String com.spring.controller.CartController.editCart(javax.servlet.http.HttpServletRequest,javax.servlet.http.HttpSession,int,int)
2024-05-14 21:15:14,855 INFO [org.springframework.web.servlet.mvc.method.annotation.RequestMappingHandlerMapping] - Mapped "{[/deletecart/{producid}]}" onto public java.lang.String com.spring.controller.CartController.deletecart(javax.servlet.http.HttpServletRequest,javax.servlet.http.HttpSession,int)
2024-05-14 21:15:14,856 INFO [org.springframework.web.servlet.mvc.method.annotation.RequestMappingHandlerMapping] - Mapped "{[/product-category/{id}]}" onto public org.springframework.web.servlet.ModelAndView com.spring.controller.CategoryController.category(java.lang.String)
2024-05-14 21:15:14,857 INFO [org.springframework.web.servlet.mvc.method.annotation.RequestMappingHandlerMapping] - Mapped "{[/checkout],methods=[POST]}" onto public java.lang.String com.spring.controller.CheckoutController.CheckoutBill(javax.servlet.http.HttpServletRequest,javax.servlet.http.HttpSession,com.spring.model.Checkout)
2024-05-14 21:15:14,857 INFO [org.springframework.web.servlet.mvc.method.annotation.RequestMappingHandlerMapping] - Mapped "{[/checkout],methods=[GET]}" onto public org.springframework.web.servlet.ModelAndView com.spring.controller.CheckoutController.checkout(javax.servlet.http.HttpServletRequest,javax.servlet.http.HttpSession)
2024-05-14 21:15:14,857 INFO [org.springframework.web.servlet.mvc.method.annotation.RequestMappingHandlerMapping] - Mapped "{[/ || /home],methods=[GET]}" onto public org.springframework.web.servlet.ModelAndView com.spring.controller.HomeController.Home()
2024-05-14 21:15:14,859 INFO [org.springframework.web.servlet.mvc.method.annotation.RequestMappingHandlerMapping] - Mapped "{[/login],methods=[GET]}" onto public org.springframework.web.servlet.ModelAndView com.spring.controller.LoginController.register()
2024-05-14 21:15:14,860 INFO [org.springframework.web.servlet.mvc.method.annotation.RequestMappingHandlerMapping] - Mapped "{[/login],methods=[POST]}" onto public org.springframework.web.servlet.ModelAndView com.spring.controller.LoginController.login(javax.servlet.http.HttpSession,com.spring.model.User)
2024-05-14 21:15:14,860 INFO [org.springframework.web.servlet.mvc.method.annotation.RequestMappingHandlerMapping] - Mapped "{[/logout],methods=[GET]}" onto public java.lang.String com.spring.controller.LoginController.logout(javax.servlet.http.HttpSession,javax.servlet.http.HttpServletRequest)
2024-05-14 21:15:14,862 INFO [org.springframework.web.servlet.mvc.method.annotation.RequestMappingHandlerMapping] - Mapped "{[/register],methods=[GET]}" onto public org.springframework.web.servlet.ModelAndView com.spring.controller.RegisterController.register()
2024-05-14 21:15:14,862 INFO [org.springframework.web.servlet.mvc.method.annotation.RequestMappingHandlerMapping] - Mapped "{[/register],methods=[POST]}" onto public org.springframework.web.servlet.ModelAndView com.spring.controller.RegisterController.createAccount(com.spring.model.User)
2024-05-14 21:15:14,863 INFO [org.springframework.web.servlet.mvc.method.annotation.RequestMappingHandlerMapping] - Mapped "{[/shop-detail/{producid}],methods=[GET]}" onto public org.springframework.web.servlet.ModelAndView com.spring.controller.ShopDetailController.shopDetail(int)
2024-05-14 21:15:14,863 INFO [org.springframework.web.servlet.mvc.method.annotation.RequestMappingHandlerMapping] - Mapped "{[/shop-gird],methods=[GET]}" onto public org.springframework.web.servlet.ModelAndView com.spring.controller.ShopGirdController.shopGird()
2024-05-14 21:15:14,863 INFO [org.springframework.web.servlet.mvc.method.annotation.RequestMappingHandlerMapping] - Mapped "{[/trackorder/{userid}],methods=[GET]}" onto public org.springframework.web.servlet.ModelAndView com.spring.controller.TrackOrderController.trackOrder(javax.servlet.http.HttpSession)
2024-05-14 21:15:14,864 INFO [org.springframework.web.servlet.mvc.method.annotation.RequestMappingHandlerMapping] - Mapped "{[/trackorderdetail/{checkoutid}],methods=[GET]}" onto public org.springframework.web.servlet.ModelAndView com.spring.controller.TrackOrderDetailController.trackOrderDetail(int)
2024-05-14 21:15:14,959 INFO [org.hibernate.validator.internal.util.Version] - HV000001: Hibernate Validator 5.2.4.Final
2024-05-14 21:15:15,594 INFO [org.springframework.web.servlet.mvc.method.annotation.RequestMappingHandlerAdapter] - Looking for @ControllerAdvice: WebApplicationContext for namespace 'dispatcherServlet-servlet': startup date [Tue May 14 21:15:13 ICT 2024]; parent: Root WebApplicationContext
2024-05-14 21:15:15,703 INFO [org.springframework.web.servlet.mvc.method.annotation.RequestMappingHandlerAdapter] - Looking for @ControllerAdvice: WebApplicationContext for namespace 'dispatcherServlet-servlet': startup date [Tue May 14 21:15:13 ICT 2024]; parent: Root WebApplicationContext
2024-05-14 21:15:15,846 INFO [org.springframework.web.servlet.handler.SimpleUrlHandlerMapping] - Mapped URL path [/resource/**] onto handler 'org.springframework.web.servlet.resource.ResourceHttpRequestHandler#0'
2024-05-14 21:15:15,999 INFO [org.springframework.web.servlet.DispatcherServlet] - FrameworkServlet 'dispatcherServlet': initialization completed in 2914 ms
2024-05-14 21:15:56,304 INFO [org.springframework.web.context.support.XmlWebApplicationContext] - Closing WebApplicationContext for namespace 'dispatcherServlet-servlet': startup date [Tue May 14 21:15:13 ICT 2024]; parent: Root WebApplicationContext
2024-05-14 21:15:56,306 INFO [org.springframework.web.context.support.XmlWebApplicationContext] - Closing Root WebApplicationContext: startup date [Tue May 14 21:15:12 ICT 2024]; root of context hierarchy
